0 info it worked if it ends with ok
1 verbose cli [ 'E:\\node.js\\node.exe',
1 verbose cli   'E:\\node.js\\node_modules\\npm\\bin\\npm-cli.js',
1 verbose cli   'install',
1 verbose cli   'bcrypt',
1 verbose cli   '--save-dev' ]
2 info using npm@3.3.12
3 info using node@v5.5.0
4 silly loadCurrentTree Starting
5 silly install loadCurrentTree
6 silly install readLocalPackageData
7 silly fetchPackageMetaData bcrypt
8 silly fetchNamedPackageData bcrypt
9 silly mapToRegistry name bcrypt
10 silly mapToRegistry using default registry
11 silly mapToRegistry registry https://registry.npmjs.org/
12 silly mapToRegistry uri https://registry.npmjs.org/bcrypt
13 verbose request uri https://registry.npmjs.org/bcrypt
14 verbose request no auth needed
15 info attempt registry request try #1 at 16:53:48
16 verbose request id 1023c145a936ba61
17 verbose etag W/"58a19670-16d95"
18 verbose lastModified Mon, 13 Feb 2017 11:20:16 GMT
19 http request GET https://registry.npmjs.org/bcrypt
20 http 304 https://registry.npmjs.org/bcrypt
21 verbose headers { date: 'Sun, 19 Feb 2017 08:53:48 GMT',
21 verbose headers   via: '1.1 varnish',
21 verbose headers   'cache-control': 'max-age=300',
21 verbose headers   etag: 'W/"58a19670-16d95"',
21 verbose headers   age: '8',
21 verbose headers   connection: 'keep-alive',
21 verbose headers   'x-served-by': 'cache-nrt6125-NRT',
21 verbose headers   'x-cache': 'HIT',
21 verbose headers   'x-cache-hits': '1',
21 verbose headers   'x-timer': 'S1487494428.604560,VS0,VE0',
21 verbose headers   vary: 'Accept-Encoding' }
22 silly get cb [ 304,
22 silly get   { date: 'Sun, 19 Feb 2017 08:53:48 GMT',
22 silly get     via: '1.1 varnish',
22 silly get     'cache-control': 'max-age=300',
22 silly get     etag: 'W/"58a19670-16d95"',
22 silly get     age: '8',
22 silly get     connection: 'keep-alive',
22 silly get     'x-served-by': 'cache-nrt6125-NRT',
22 silly get     'x-cache': 'HIT',
22 silly get     'x-cache-hits': '1',
22 silly get     'x-timer': 'S1487494428.604560,VS0,VE0',
22 silly get     vary: 'Accept-Encoding' } ]
23 verbose etag https://registry.npmjs.org/bcrypt from cache
24 verbose get saving bcrypt to E:\node.js\node_cache\registry.npmjs.org\bcrypt\.cache.json
25 silly install normalizeTree
26 silly loadCurrentTree Finishing
27 silly loadIdealTree Starting
28 silly install loadIdealTree
29 silly cloneCurrentTree Starting
30 silly install cloneCurrentTreeToIdealTree
31 silly cloneCurrentTree Finishing
32 silly loadShrinkwrap Starting
33 silly install loadShrinkwrap
34 silly loadShrinkwrap Finishing
35 silly loadAllDepsIntoIdealTree Starting
36 silly install loadAllDepsIntoIdealTree
37 silly resolveWithNewModule bcrypt@1.0.2 checking installable status
38 silly cache add args [ 'bcrypt', null ]
39 verbose cache add spec bcrypt
40 silly cache add parsed spec Result {
40 silly cache add   raw: 'bcrypt',
40 silly cache add   scope: null,
40 silly cache add   name: 'bcrypt',
40 silly cache add   rawSpec: '',
40 silly cache add   spec: '*',
40 silly cache add   type: 'range' }
41 silly addNamed bcrypt@*
42 verbose addNamed "*" is a valid semver range for bcrypt
43 silly addNameRange { name: 'bcrypt', range: '*', hasData: false }
44 silly mapToRegistry name bcrypt
45 silly mapToRegistry using default registry
46 silly mapToRegistry registry https://registry.npmjs.org/
47 silly mapToRegistry uri https://registry.npmjs.org/bcrypt
48 verbose addNameRange registry:https://registry.npmjs.org/bcrypt not in flight; fetching
49 verbose get https://registry.npmjs.org/bcrypt not expired, no request
50 silly addNameRange number 2 { name: 'bcrypt', range: '*', hasData: true }
51 silly addNameRange versions [ 'bcrypt',
51 silly addNameRange   [ '0.1.2',
51 silly addNameRange     '0.2.0',
51 silly addNameRange     '0.2.1',
51 silly addNameRange     '0.1.3',
51 silly addNameRange     '0.2.2',
51 silly addNameRange     '0.2.3',
51 silly addNameRange     '0.2.4',
51 silly addNameRange     '0.3.0',
51 silly addNameRange     '0.3.1',
51 silly addNameRange     '0.3.2',
51 silly addNameRange     '0.4.0',
51 silly addNameRange     '0.4.1',
51 silly addNameRange     '0.5.0',
51 silly addNameRange     '0.6.0',
51 silly addNameRange     '0.7.0',
51 silly addNameRange     '0.7.1',
51 silly addNameRange     '0.7.2',
51 silly addNameRange     '0.7.3',
51 silly addNameRange     '0.7.4',
51 silly addNameRange     '0.7.5',
51 silly addNameRange     '0.7.6',
51 silly addNameRange     '0.7.7',
51 silly addNameRange     '0.7.8',
51 silly addNameRange     '0.8.0',
51 silly addNameRange     '0.8.1',
51 silly addNameRange     '0.8.2',
51 silly addNameRange     '0.8.3',
51 silly addNameRange     '0.8.4',
51 silly addNameRange     '0.8.5',
51 silly addNameRange     '0.8.6',
51 silly addNameRange     '0.8.7',
51 silly addNameRange     '1.0.0',
51 silly addNameRange     '1.0.1',
51 silly addNameRange     '1.0.2' ] ]
52 silly addNamed bcrypt@1.0.2
53 verbose addNamed "1.0.2" is a plain semver version for bcrypt
54 silly cache afterAdd bcrypt@1.0.2
55 verbose afterAdd E:\node.js\node_cache\bcrypt\1.0.2\package\package.json not in flight; writing
56 verbose afterAdd E:\node.js\node_cache\bcrypt\1.0.2\package\package.json written
57 silly fetchNamedPackageData readable-stream
58 silly mapToRegistry name readable-stream
59 silly mapToRegistry using default registry
60 silly mapToRegistry registry https://registry.npmjs.org/
61 silly mapToRegistry uri https://registry.npmjs.org/readable-stream
62 verbose request uri https://registry.npmjs.org/readable-stream
63 verbose request no auth needed
64 info attempt registry request try #1 at 16:53:49
65 verbose etag W/"58a3c082-123c5"
66 verbose lastModified Wed, 15 Feb 2017 02:44:18 GMT
67 http request GET https://registry.npmjs.org/readable-stream
68 http 304 https://registry.npmjs.org/readable-stream
69 verbose headers { date: 'Sun, 19 Feb 2017 08:53:49 GMT',
69 verbose headers   via: '1.1 varnish',
69 verbose headers   'cache-control': 'max-age=300',
69 verbose headers   etag: 'W/"58a3c082-123c5"',
69 verbose headers   age: '263',
69 verbose headers   connection: 'keep-alive',
69 verbose headers   'x-served-by': 'cache-nrt6135-NRT',
69 verbose headers   'x-cache': 'HIT',
69 verbose headers   'x-cache-hits': '12',
69 verbose headers   'x-timer': 'S1487494429.560088,VS0,VE0',
69 verbose headers   vary: 'Accept-Encoding' }
70 silly get cb [ 304,
70 silly get   { date: 'Sun, 19 Feb 2017 08:53:49 GMT',
70 silly get     via: '1.1 varnish',
70 silly get     'cache-control': 'max-age=300',
70 silly get     etag: 'W/"58a3c082-123c5"',
70 silly get     age: '263',
70 silly get     connection: 'keep-alive',
70 silly get     'x-served-by': 'cache-nrt6135-NRT',
70 silly get     'x-cache': 'HIT',
70 silly get     'x-cache-hits': '12',
70 silly get     'x-timer': 'S1487494429.560088,VS0,VE0',
70 silly get     vary: 'Accept-Encoding' } ]
71 verbose etag https://registry.npmjs.org/readable-stream from cache
72 verbose get saving readable-stream to E:\node.js\node_cache\registry.npmjs.org\readable-stream\.cache.json
73 silly resolveWithNewModule readable-stream@2.2.2 checking installable status
74 silly cache add args [ 'readable-stream@^2.0.0 || ^1.1.13', null ]
75 verbose cache add spec readable-stream@^2.0.0 || ^1.1.13
76 silly cache add parsed spec Result {
76 silly cache add   raw: 'readable-stream@^2.0.0 || ^1.1.13',
76 silly cache add   scope: null,
76 silly cache add   name: 'readable-stream',
76 silly cache add   rawSpec: '^2.0.0 || ^1.1.13',
76 silly cache add   spec: '>=2.0.0 <3.0.0||>=1.1.13 <2.0.0',
76 silly cache add   type: 'range' }
77 silly addNamed readable-stream@>=2.0.0 <3.0.0||>=1.1.13 <2.0.0
78 verbose addNamed ">=2.0.0 <3.0.0||>=1.1.13 <2.0.0" is a valid semver range for readable-stream
79 silly addNameRange { name: 'readable-stream',
79 silly addNameRange   range: '>=2.0.0 <3.0.0||>=1.1.13 <2.0.0',
79 silly addNameRange   hasData: false }
80 silly mapToRegistry name readable-stream
81 silly mapToRegistry using default registry
82 silly mapToRegistry registry https://registry.npmjs.org/
83 silly mapToRegistry uri https://registry.npmjs.org/readable-stream
84 verbose addNameRange registry:https://registry.npmjs.org/readable-stream not in flight; fetching
85 verbose get https://registry.npmjs.org/readable-stream not expired, no request
86 silly addNameRange number 2 { name: 'readable-stream',
86 silly addNameRange   range: '>=2.0.0 <3.0.0||>=1.1.13 <2.0.0',
86 silly addNameRange   hasData: true }
87 silly addNameRange versions [ 'readable-stream',
87 silly addNameRange   [ '0.0.1',
87 silly addNameRange     '0.0.2',
87 silly addNameRange     '0.0.3',
87 silly addNameRange     '0.0.4',
87 silly addNameRange     '0.1.0',
87 silly addNameRange     '0.2.0',
87 silly addNameRange     '0.3.0',
87 silly addNameRange     '0.3.1',
87 silly addNameRange     '1.0.0',
87 silly addNameRange     '1.0.1',
87 silly addNameRange     '1.0.2',
87 silly addNameRange     '1.0.15',
87 silly addNameRange     '1.0.17',
87 silly addNameRange     '1.1.7',
87 silly addNameRange     '1.1.8',
87 silly addNameRange     '1.1.9',
87 silly addNameRange     '1.0.24',
87 silly addNameRange     '1.0.25',
87 silly addNameRange     '1.1.10',
87 silly addNameRange     '1.0.25-1',
87 silly addNameRange     '1.1.11',
87 silly addNameRange     '1.0.26',
87 silly addNameRange     '1.0.26-1',
87 silly addNameRange     '1.1.11-1',
87 silly addNameRange     '1.0.26-2',
87 silly addNameRange     '1.1.12',
87 silly addNameRange     '1.0.26-3',
87 silly addNameRange     '1.0.26-4',
87 silly addNameRange     '1.1.12-1',
87 silly addNameRange     '1.0.27-1',
87 silly addNameRange     '1.1.13-1',
87 silly addNameRange     '1.0.31',
87 silly addNameRange     '1.1.13',
87 silly addNameRange     '1.0.32',
87 silly addNameRange     '1.0.32-1',
87 silly addNameRange     '1.0.33-1',
87 silly addNameRange     '1.0.33-2',
87 silly addNameRange     '1.0.33',
87 silly addNameRange     '2.0.0',
87 silly addNameRange     '2.0.1',
87 silly addNameRange     '2.0.2',
87 silly addNameRange     '2.0.3',
87 silly addNameRange     '2.0.4',
87 silly addNameRange     '2.0.5',
87 silly addNameRange     '2.0.6',
87 silly addNameRange     '1.0.34',
87 silly addNameRange     '1.1.14',
87 silly addNameRange     '2.1.0',
87 silly addNameRange     '2.1.1',
87 silly addNameRange     '2.1.2',
87 silly addNameRange     '2.1.3',
87 silly addNameRange     '2.1.4',
87 silly addNameRange     '2.1.5',
87 silly addNameRange     '2.2.0',
87 silly addNameRange     '2.2.1',
87 silly addNameRange     '2.2.2' ] ]
88 silly addNamed readable-stream@2.2.2
89 verbose addNamed "2.2.2" is a plain semver version for readable-stream
90 silly cache afterAdd readable-stream@2.2.2
91 verbose afterAdd E:\node.js\node_cache\readable-stream\2.2.2\package\package.json not in flight; writing
92 verbose afterAdd E:\node.js\node_cache\readable-stream\2.2.2\package\package.json written
93 silly fetchNamedPackageData readable-stream
94 silly mapToRegistry name readable-stream
95 silly mapToRegistry using default registry
96 silly mapToRegistry registry https://registry.npmjs.org/
97 silly mapToRegistry uri https://registry.npmjs.org/readable-stream
98 silly resolveWithNewModule readable-stream@2.1.5 checking installable status
99 silly cache add args [ 'readable-stream@~2.1.4', null ]
100 verbose cache add spec readable-stream@~2.1.4
101 silly cache add parsed spec Result {
101 silly cache add   raw: 'readable-stream@~2.1.4',
101 silly cache add   scope: null,
101 silly cache add   name: 'readable-stream',
101 silly cache add   rawSpec: '~2.1.4',
101 silly cache add   spec: '>=2.1.4 <2.2.0',
101 silly cache add   type: 'range' }
102 silly addNamed readable-stream@>=2.1.4 <2.2.0
103 verbose addNamed ">=2.1.4 <2.2.0" is a valid semver range for readable-stream
104 silly addNameRange { name: 'readable-stream',
104 silly addNameRange   range: '>=2.1.4 <2.2.0',
104 silly addNameRange   hasData: false }
105 silly mapToRegistry name readable-stream
106 silly mapToRegistry using default registry
107 silly mapToRegistry registry https://registry.npmjs.org/
108 silly mapToRegistry uri https://registry.npmjs.org/readable-stream
109 verbose addNameRange registry:https://registry.npmjs.org/readable-stream not in flight; fetching
110 verbose get https://registry.npmjs.org/readable-stream not expired, no request
111 silly addNameRange number 2 { name: 'readable-stream',
111 silly addNameRange   range: '>=2.1.4 <2.2.0',
111 silly addNameRange   hasData: true }
112 silly addNameRange versions [ 'readable-stream',
112 silly addNameRange   [ '0.0.1',
112 silly addNameRange     '0.0.2',
112 silly addNameRange     '0.0.3',
112 silly addNameRange     '0.0.4',
112 silly addNameRange     '0.1.0',
112 silly addNameRange     '0.2.0',
112 silly addNameRange     '0.3.0',
112 silly addNameRange     '0.3.1',
112 silly addNameRange     '1.0.0',
112 silly addNameRange     '1.0.1',
112 silly addNameRange     '1.0.2',
112 silly addNameRange     '1.0.15',
112 silly addNameRange     '1.0.17',
112 silly addNameRange     '1.1.7',
112 silly addNameRange     '1.1.8',
112 silly addNameRange     '1.1.9',
112 silly addNameRange     '1.0.24',
112 silly addNameRange     '1.0.25',
112 silly addNameRange     '1.1.10',
112 silly addNameRange     '1.0.25-1',
112 silly addNameRange     '1.1.11',
112 silly addNameRange     '1.0.26',
112 silly addNameRange     '1.0.26-1',
112 silly addNameRange     '1.1.11-1',
112 silly addNameRange     '1.0.26-2',
112 silly addNameRange     '1.1.12',
112 silly addNameRange     '1.0.26-3',
112 silly addNameRange     '1.0.26-4',
112 silly addNameRange     '1.1.12-1',
112 silly addNameRange     '1.0.27-1',
112 silly addNameRange     '1.1.13-1',
112 silly addNameRange     '1.0.31',
112 silly addNameRange     '1.1.13',
112 silly addNameRange     '1.0.32',
112 silly addNameRange     '1.0.32-1',
112 silly addNameRange     '1.0.33-1',
112 silly addNameRange     '1.0.33-2',
112 silly addNameRange     '1.0.33',
112 silly addNameRange     '2.0.0',
112 silly addNameRange     '2.0.1',
112 silly addNameRange     '2.0.2',
112 silly addNameRange     '2.0.3',
112 silly addNameRange     '2.0.4',
112 silly addNameRange     '2.0.5',
112 silly addNameRange     '2.0.6',
112 silly addNameRange     '1.0.34',
112 silly addNameRange     '1.1.14',
112 silly addNameRange     '2.1.0',
112 silly addNameRange     '2.1.1',
112 silly addNameRange     '2.1.2',
112 silly addNameRange     '2.1.3',
112 silly addNameRange     '2.1.4',
112 silly addNameRange     '2.1.5',
112 silly addNameRange     '2.2.0',
112 silly addNameRange     '2.2.1',
112 silly addNameRange     '2.2.2' ] ]
113 silly addNamed readable-stream@2.1.5
114 verbose addNamed "2.1.5" is a plain semver version for readable-stream
115 silly cache afterAdd readable-stream@2.1.5
116 verbose afterAdd E:\node.js\node_cache\readable-stream\2.1.5\package\package.json not in flight; writing
117 verbose afterAdd E:\node.js\node_cache\readable-stream\2.1.5\package\package.json written
118 silly loadAllDepsIntoIdealTree Finishing
119 silly idealTree:prePrune meet@1.0.0
119 silly idealTree:prePrune ├── abbrev@1.1.0
119 silly idealTree:prePrune ├── accepts@1.3.3
119 silly idealTree:prePrune ├── acorn-globals@1.0.9
119 silly idealTree:prePrune ├── acorn@2.7.0
119 silly idealTree:prePrune ├── align-text@0.1.4
119 silly idealTree:prePrune ├── amdefine@1.0.1
119 silly idealTree:prePrune ├── ansi-regex@2.1.1
119 silly idealTree:prePrune ├── ansi-styles@2.2.1
119 silly idealTree:prePrune ├── aproba@1.1.1
119 silly idealTree:prePrune ├── are-we-there-yet@1.1.2
119 silly idealTree:prePrune ├── array-flatten@1.1.1
119 silly idealTree:prePrune ├── asap@1.0.0
119 silly idealTree:prePrune ├── asn1@0.2.3
119 silly idealTree:prePrune ├── assert-plus@0.2.0
119 silly idealTree:prePrune ├── async@0.2.10
119 silly idealTree:prePrune ├── asynckit@0.4.0
119 silly idealTree:prePrune ├── aws-sign2@0.6.0
119 silly idealTree:prePrune ├── aws4@1.6.0
119 silly idealTree:prePrune ├── balanced-match@0.4.2
119 silly idealTree:prePrune ├── bcrypt-pbkdf@1.0.1
119 silly idealTree:prePrune ├── bcrypt@1.0.2
119 silly idealTree:prePrune ├── bindings@1.2.1
119 silly idealTree:prePrune ├── block-stream@0.0.9
119 silly idealTree:prePrune ├── bluebird@2.10.2
119 silly idealTree:prePrune ├─┬ body-parser@1.16.1
119 silly idealTree:prePrune │ ├── debug@2.6.1
119 silly idealTree:prePrune │ ├── ms@0.7.2
119 silly idealTree:prePrune │ └── qs@6.2.1
119 silly idealTree:prePrune ├── boom@2.10.1
119 silly idealTree:prePrune ├── bower@1.8.0
119 silly idealTree:prePrune ├── brace-expansion@1.1.6
119 silly idealTree:prePrune ├── bson@1.0.4
119 silly idealTree:prePrune ├── buffer-shims@1.0.0
119 silly idealTree:prePrune ├── bytes@2.4.0
119 silly idealTree:prePrune ├── camelcase@1.2.1
119 silly idealTree:prePrune ├── caseless@0.11.0
119 silly idealTree:prePrune ├── center-align@0.1.3
119 silly idealTree:prePrune ├── chalk@1.1.3
119 silly idealTree:prePrune ├── character-parser@1.2.1
119 silly idealTree:prePrune ├─┬ clean-css@3.4.24
119 silly idealTree:prePrune │ └── commander@2.8.1
119 silly idealTree:prePrune ├─┬ cliui@2.1.0
119 silly idealTree:prePrune │ └── wordwrap@0.0.2
119 silly idealTree:prePrune ├── code-point-at@1.1.0
119 silly idealTree:prePrune ├── combined-stream@1.0.5
119 silly idealTree:prePrune ├── commander@2.6.0
119 silly idealTree:prePrune ├── concat-map@0.0.1
119 silly idealTree:prePrune ├── console-control-strings@1.1.0
119 silly idealTree:prePrune ├── constantinople@3.0.2
119 silly idealTree:prePrune ├── content-disposition@0.5.2
119 silly idealTree:prePrune ├── content-type@1.0.2
119 silly idealTree:prePrune ├── cookie-signature@1.0.6
119 silly idealTree:prePrune ├── cookie@0.3.1
119 silly idealTree:prePrune ├── core-util-is@1.0.2
119 silly idealTree:prePrune ├── cryptiles@2.0.5
119 silly idealTree:prePrune ├── css-parse@1.0.4
119 silly idealTree:prePrune ├── css-stringify@1.0.5
119 silly idealTree:prePrune ├── css@1.0.8
119 silly idealTree:prePrune ├─┬ dashdash@1.14.1
119 silly idealTree:prePrune │ └── assert-plus@1.0.0
119 silly idealTree:prePrune ├── debug@2.2.0
119 silly idealTree:prePrune ├── decamelize@1.2.0
119 silly idealTree:prePrune ├── deep-extend@0.4.1
119 silly idealTree:prePrune ├── delayed-stream@1.0.0
119 silly idealTree:prePrune ├── delegates@1.0.0
119 silly idealTree:prePrune ├── depd@1.1.0
119 silly idealTree:prePrune ├── destroy@1.0.4
119 silly idealTree:prePrune ├── ecc-jsbn@0.1.1
119 silly idealTree:prePrune ├── ee-first@1.1.1
119 silly idealTree:prePrune ├── encodeurl@1.0.1
119 silly idealTree:prePrune ├── es6-promise@3.2.1
119 silly idealTree:prePrune ├── escape-html@1.0.3
119 silly idealTree:prePrune ├── escape-string-regexp@1.0.5
119 silly idealTree:prePrune ├── etag@1.7.0
119 silly idealTree:prePrune ├── express@4.14.1
119 silly idealTree:prePrune ├── extend@3.0.0
119 silly idealTree:prePrune ├── extsprintf@1.0.2
119 silly idealTree:prePrune ├── finalhandler@0.5.1
119 silly idealTree:prePrune ├── forever-agent@0.6.1
119 silly idealTree:prePrune ├── form-data@2.1.2
119 silly idealTree:prePrune ├── forwarded@0.1.0
119 silly idealTree:prePrune ├── fresh@0.3.0
119 silly idealTree:prePrune ├── fs.realpath@1.0.0
119 silly idealTree:prePrune ├── fstream-ignore@1.0.5
119 silly idealTree:prePrune ├── fstream@1.0.10
119 silly idealTree:prePrune ├── gauge@2.7.3
119 silly idealTree:prePrune ├── generate-function@2.0.0
119 silly idealTree:prePrune ├── generate-object-property@1.2.0
119 silly idealTree:prePrune ├─┬ getpass@0.1.6
119 silly idealTree:prePrune │ └── assert-plus@1.0.0
119 silly idealTree:prePrune ├── glob@7.1.1
119 silly idealTree:prePrune ├── graceful-fs@4.1.11
119 silly idealTree:prePrune ├── graceful-readlink@1.0.1
119 silly idealTree:prePrune ├─┬ har-validator@2.0.6
119 silly idealTree:prePrune │ └── commander@2.9.0
119 silly idealTree:prePrune ├── has-ansi@2.0.0
119 silly idealTree:prePrune ├── has-unicode@2.0.1
119 silly idealTree:prePrune ├── hawk@3.1.3
119 silly idealTree:prePrune ├── hoek@2.16.3
119 silly idealTree:prePrune ├── hooks-fixed@1.2.0
119 silly idealTree:prePrune ├── http-errors@1.5.1
119 silly idealTree:prePrune ├── http-signature@1.1.1
119 silly idealTree:prePrune ├── iconv-lite@0.4.15
119 silly idealTree:prePrune ├── inflight@1.0.6
119 silly idealTree:prePrune ├── inherits@2.0.3
119 silly idealTree:prePrune ├── ini@1.3.4
119 silly idealTree:prePrune ├── ipaddr.js@1.2.0
119 silly idealTree:prePrune ├── is-buffer@1.1.4
119 silly idealTree:prePrune ├── is-fullwidth-code-point@1.0.0
119 silly idealTree:prePrune ├── is-my-json-valid@2.15.0
119 silly idealTree:prePrune ├── is-promise@2.1.0
119 silly idealTree:prePrune ├── is-property@1.0.2
119 silly idealTree:prePrune ├── is-typedarray@1.0.0
119 silly idealTree:prePrune ├── isarray@1.0.0
119 silly idealTree:prePrune ├── isstream@0.1.2
119 silly idealTree:prePrune ├── jade@1.11.0
119 silly idealTree:prePrune ├── jodid25519@1.0.2
119 silly idealTree:prePrune ├── jsbn@0.1.1
119 silly idealTree:prePrune ├── json-schema@0.2.3
119 silly idealTree:prePrune ├── json-stringify-safe@5.0.1
119 silly idealTree:prePrune ├── jsonpointer@4.0.1
119 silly idealTree:prePrune ├── jsprim@1.3.1
119 silly idealTree:prePrune ├── jstransformer@0.0.2
119 silly idealTree:prePrune ├── kareem@1.2.1
119 silly idealTree:prePrune ├── kind-of@3.1.0
119 silly idealTree:prePrune ├── lazy-cache@1.0.4
119 silly idealTree:prePrune ├── lodash@4.17.4
119 silly idealTree:prePrune ├── longest@1.0.1
119 silly idealTree:prePrune ├── media-typer@0.3.0
119 silly idealTree:prePrune ├── merge-descriptors@1.0.1
119 silly idealTree:prePrune ├── methods@1.1.2
119 silly idealTree:prePrune ├── mime-db@1.26.0
119 silly idealTree:prePrune ├── mime-types@2.1.14
119 silly idealTree:prePrune ├── mime@1.3.4
119 silly idealTree:prePrune ├── minimatch@3.0.3
119 silly idealTree:prePrune ├── minimist@0.0.8
119 silly idealTree:prePrune ├── mkdirp@0.5.1
119 silly idealTree:prePrune ├── moment@2.17.1
119 silly idealTree:prePrune ├── mongodb-core@2.1.8
119 silly idealTree:prePrune ├─┬ mongodb@2.2.24
119 silly idealTree:prePrune │ └── readable-stream@2.1.5
119 silly idealTree:prePrune ├─┬ mongoose@4.8.3
119 silly idealTree:prePrune │ ├── async@2.1.4
119 silly idealTree:prePrune │ └── ms@0.7.2
119 silly idealTree:prePrune ├── mpath@0.2.1
119 silly idealTree:prePrune ├── mpromise@0.5.5
119 silly idealTree:prePrune ├─┬ mquery@2.2.3
119 silly idealTree:prePrune │ └── sliced@0.0.5
119 silly idealTree:prePrune ├── ms@0.7.1
119 silly idealTree:prePrune ├── muri@1.2.1
119 silly idealTree:prePrune ├── nan@2.5.0
119 silly idealTree:prePrune ├── negotiator@0.6.1
119 silly idealTree:prePrune ├── node-pre-gyp@0.6.32
119 silly idealTree:prePrune ├── nopt@3.0.6
119 silly idealTree:prePrune ├── npmlog@4.0.2
119 silly idealTree:prePrune ├── number-is-nan@1.0.1
119 silly idealTree:prePrune ├── oauth-sign@0.8.2
119 silly idealTree:prePrune ├── object-assign@4.1.1
119 silly idealTree:prePrune ├── on-finished@2.3.0
119 silly idealTree:prePrune ├── once@1.4.0
119 silly idealTree:prePrune ├── optimist@0.3.7
119 silly idealTree:prePrune ├── parseurl@1.3.1
119 silly idealTree:prePrune ├── path-is-absolute@1.0.1
119 silly idealTree:prePrune ├── path-to-regexp@0.1.7
119 silly idealTree:prePrune ├── pinkie-promise@2.0.1
119 silly idealTree:prePrune ├── pinkie@2.0.4
119 silly idealTree:prePrune ├── process-nextick-args@1.0.7
119 silly idealTree:prePrune ├── promise@6.1.0
119 silly idealTree:prePrune ├── proxy-addr@1.1.3
119 silly idealTree:prePrune ├── punycode@1.4.1
119 silly idealTree:prePrune ├── qs@6.2.0
119 silly idealTree:prePrune ├── range-parser@1.2.0
119 silly idealTree:prePrune ├── raw-body@2.2.0
119 silly idealTree:prePrune ├─┬ rc@1.1.7
119 silly idealTree:prePrune │ └── minimist@1.2.0
119 silly idealTree:prePrune ├── readable-stream@2.2.2
119 silly idealTree:prePrune ├── regexp-clone@0.0.1
119 silly idealTree:prePrune ├── repeat-string@1.6.1
119 silly idealTree:prePrune ├─┬ request@2.79.0
119 silly idealTree:prePrune │ └── qs@6.3.1
119 silly idealTree:prePrune ├── require_optional@1.0.0
119 silly idealTree:prePrune ├── resolve-from@2.0.0
119 silly idealTree:prePrune ├── right-align@0.1.3
119 silly idealTree:prePrune ├── rimraf@2.5.4
119 silly idealTree:prePrune ├── semver@5.3.0
119 silly idealTree:prePrune ├─┬ send@0.14.2
119 silly idealTree:prePrune │ └── ms@0.7.2
119 silly idealTree:prePrune ├── serve-static@1.11.2
119 silly idealTree:prePrune ├── set-blocking@2.0.0
119 silly idealTree:prePrune ├── setprototypeof@1.0.2
119 silly idealTree:prePrune ├── signal-exit@3.0.2
119 silly idealTree:prePrune ├── sliced@1.0.1
119 silly idealTree:prePrune ├── sntp@1.0.9
119 silly idealTree:prePrune ├── source-map@0.4.4
119 silly idealTree:prePrune ├─┬ sshpk@1.10.2
119 silly idealTree:prePrune │ └── assert-plus@1.0.0
119 silly idealTree:prePrune ├── statuses@1.3.1
119 silly idealTree:prePrune ├── string_decoder@0.10.31
119 silly idealTree:prePrune ├── string-width@1.0.2
119 silly idealTree:prePrune ├── stringstream@0.0.5
119 silly idealTree:prePrune ├── strip-ansi@3.0.1
119 silly idealTree:prePrune ├── strip-json-comments@2.0.1
119 silly idealTree:prePrune ├── supports-color@2.0.0
119 silly idealTree:prePrune ├─┬ tar-pack@3.3.0
119 silly idealTree:prePrune │ ├── once@1.3.3
119 silly idealTree:prePrune │ └── readable-stream@2.1.5
119 silly idealTree:prePrune ├── tar@2.2.1
119 silly idealTree:prePrune ├── tough-cookie@2.3.2
119 silly idealTree:prePrune ├─┬ transformers@2.1.0
119 silly idealTree:prePrune │ ├── is-promise@1.0.1
119 silly idealTree:prePrune │ ├── promise@2.0.0
119 silly idealTree:prePrune │ ├── source-map@0.1.43
119 silly idealTree:prePrune │ └── uglify-js@2.2.5
119 silly idealTree:prePrune ├── tunnel-agent@0.4.3
119 silly idealTree:prePrune ├── tweetnacl@0.14.5
119 silly idealTree:prePrune ├── type-is@1.6.14
119 silly idealTree:prePrune ├─┬ uglify-js@2.7.5
119 silly idealTree:prePrune │ └── source-map@0.5.6
119 silly idealTree:prePrune ├── uglify-to-browserify@1.0.2
119 silly idealTree:prePrune ├── uid-number@0.0.6
119 silly idealTree:prePrune ├── underscore@1.8.3
119 silly idealTree:prePrune ├── unpipe@1.0.0
119 silly idealTree:prePrune ├── util-deprecate@1.0.2
119 silly idealTree:prePrune ├── utils-merge@1.0.0
119 silly idealTree:prePrune ├── uuid@3.0.1
119 silly idealTree:prePrune ├── vary@1.1.0
119 silly idealTree:prePrune ├── verror@1.3.6
119 silly idealTree:prePrune ├── void-elements@2.0.1
119 silly idealTree:prePrune ├── wide-align@1.1.0
119 silly idealTree:prePrune ├── window-size@0.1.0
119 silly idealTree:prePrune ├─┬ with@4.0.3
119 silly idealTree:prePrune │ └── acorn@1.2.2
119 silly idealTree:prePrune ├── wordwrap@0.0.3
119 silly idealTree:prePrune ├── wrappy@1.0.2
119 silly idealTree:prePrune ├── xtend@4.0.1
119 silly idealTree:prePrune └── yargs@3.10.0
120 silly loadIdealTree Finishing
121 silly currentTree meet@1.0.0
121 silly currentTree ├── abbrev@1.1.0
121 silly currentTree ├── accepts@1.3.3
121 silly currentTree ├── acorn-globals@1.0.9
121 silly currentTree ├── acorn@2.7.0
121 silly currentTree ├── align-text@0.1.4
121 silly currentTree ├── amdefine@1.0.1
121 silly currentTree ├── ansi-regex@2.1.1
121 silly currentTree ├── ansi-styles@2.2.1
121 silly currentTree ├── aproba@1.1.1
121 silly currentTree ├── are-we-there-yet@1.1.2
121 silly currentTree ├── array-flatten@1.1.1
121 silly currentTree ├── asap@1.0.0
121 silly currentTree ├── asn1@0.2.3
121 silly currentTree ├── assert-plus@0.2.0
121 silly currentTree ├── async@0.2.10
121 silly currentTree ├── asynckit@0.4.0
121 silly currentTree ├── aws-sign2@0.6.0
121 silly currentTree ├── aws4@1.6.0
121 silly currentTree ├── balanced-match@0.4.2
121 silly currentTree ├── bcrypt-pbkdf@1.0.1
121 silly currentTree ├── bindings@1.2.1
121 silly currentTree ├── block-stream@0.0.9
121 silly currentTree ├── bluebird@2.10.2
121 silly currentTree ├─┬ body-parser@1.16.1
121 silly currentTree │ ├── debug@2.6.1
121 silly currentTree │ ├── ms@0.7.2
121 silly currentTree │ └── qs@6.2.1
121 silly currentTree ├── boom@2.10.1
121 silly currentTree ├── bower@1.8.0
121 silly currentTree ├── brace-expansion@1.1.6
121 silly currentTree ├── bson@1.0.4
121 silly currentTree ├── buffer-shims@1.0.0
121 silly currentTree ├── bytes@2.4.0
121 silly currentTree ├── camelcase@1.2.1
121 silly currentTree ├── caseless@0.11.0
121 silly currentTree ├── center-align@0.1.3
121 silly currentTree ├── chalk@1.1.3
121 silly currentTree ├── character-parser@1.2.1
121 silly currentTree ├─┬ clean-css@3.4.24
121 silly currentTree │ └── commander@2.8.1
121 silly currentTree ├─┬ cliui@2.1.0
121 silly currentTree │ └── wordwrap@0.0.2
121 silly currentTree ├── code-point-at@1.1.0
121 silly currentTree ├── combined-stream@1.0.5
121 silly currentTree ├── commander@2.6.0
121 silly currentTree ├── concat-map@0.0.1
121 silly currentTree ├── console-control-strings@1.1.0
121 silly currentTree ├── constantinople@3.0.2
121 silly currentTree ├── content-disposition@0.5.2
121 silly currentTree ├── content-type@1.0.2
121 silly currentTree ├── cookie-signature@1.0.6
121 silly currentTree ├── cookie@0.3.1
121 silly currentTree ├── core-util-is@1.0.2
121 silly currentTree ├── cryptiles@2.0.5
121 silly currentTree ├── css-parse@1.0.4
121 silly currentTree ├── css-stringify@1.0.5
121 silly currentTree ├── css@1.0.8
121 silly currentTree ├─┬ dashdash@1.14.1
121 silly currentTree │ └── assert-plus@1.0.0
121 silly currentTree ├── debug@2.2.0
121 silly currentTree ├── decamelize@1.2.0
121 silly currentTree ├── deep-extend@0.4.1
121 silly currentTree ├── delayed-stream@1.0.0
121 silly currentTree ├── delegates@1.0.0
121 silly currentTree ├── depd@1.1.0
121 silly currentTree ├── destroy@1.0.4
121 silly currentTree ├── ecc-jsbn@0.1.1
121 silly currentTree ├── ee-first@1.1.1
121 silly currentTree ├── encodeurl@1.0.1
121 silly currentTree ├── es6-promise@3.2.1
121 silly currentTree ├── escape-html@1.0.3
121 silly currentTree ├── escape-string-regexp@1.0.5
121 silly currentTree ├── etag@1.7.0
121 silly currentTree ├── express@4.14.1
121 silly currentTree ├── extend@3.0.0
121 silly currentTree ├── extsprintf@1.0.2
121 silly currentTree ├── finalhandler@0.5.1
121 silly currentTree ├── forever-agent@0.6.1
121 silly currentTree ├── form-data@2.1.2
121 silly currentTree ├── forwarded@0.1.0
121 silly currentTree ├── fresh@0.3.0
121 silly currentTree ├── fs.realpath@1.0.0
121 silly currentTree ├── fstream-ignore@1.0.5
121 silly currentTree ├── fstream@1.0.10
121 silly currentTree ├── gauge@2.7.3
121 silly currentTree ├── generate-function@2.0.0
121 silly currentTree ├── generate-object-property@1.2.0
121 silly currentTree ├─┬ getpass@0.1.6
121 silly currentTree │ └── assert-plus@1.0.0
121 silly currentTree ├── glob@7.1.1
121 silly currentTree ├── graceful-fs@4.1.11
121 silly currentTree ├── graceful-readlink@1.0.1
121 silly currentTree ├─┬ har-validator@2.0.6
121 silly currentTree │ └── commander@2.9.0
121 silly currentTree ├── has-ansi@2.0.0
121 silly currentTree ├── has-unicode@2.0.1
121 silly currentTree ├── hawk@3.1.3
121 silly currentTree ├── hoek@2.16.3
121 silly currentTree ├── hooks-fixed@1.2.0
121 silly currentTree ├── http-errors@1.5.1
121 silly currentTree ├── http-signature@1.1.1
121 silly currentTree ├── iconv-lite@0.4.15
121 silly currentTree ├── inflight@1.0.6
121 silly currentTree ├── inherits@2.0.3
121 silly currentTree ├── ini@1.3.4
121 silly currentTree ├── ipaddr.js@1.2.0
121 silly currentTree ├── is-buffer@1.1.4
121 silly currentTree ├── is-fullwidth-code-point@1.0.0
121 silly currentTree ├── is-my-json-valid@2.15.0
121 silly currentTree ├── is-promise@2.1.0
121 silly currentTree ├── is-property@1.0.2
121 silly currentTree ├── is-typedarray@1.0.0
121 silly currentTree ├── isarray@1.0.0
121 silly currentTree ├── isstream@0.1.2
121 silly currentTree ├── jade@1.11.0
121 silly currentTree ├── jodid25519@1.0.2
121 silly currentTree ├── jsbn@0.1.1
121 silly currentTree ├── json-schema@0.2.3
121 silly currentTree ├── json-stringify-safe@5.0.1
121 silly currentTree ├── jsonpointer@4.0.1
121 silly currentTree ├── jsprim@1.3.1
121 silly currentTree ├── jstransformer@0.0.2
121 silly currentTree ├── kareem@1.2.1
121 silly currentTree ├── kind-of@3.1.0
121 silly currentTree ├── lazy-cache@1.0.4
121 silly currentTree ├── lodash@4.17.4
121 silly currentTree ├── longest@1.0.1
121 silly currentTree ├── media-typer@0.3.0
121 silly currentTree ├── merge-descriptors@1.0.1
121 silly currentTree ├── methods@1.1.2
121 silly currentTree ├── mime-db@1.26.0
121 silly currentTree ├── mime-types@2.1.14
121 silly currentTree ├── mime@1.3.4
121 silly currentTree ├── minimatch@3.0.3
121 silly currentTree ├── minimist@0.0.8
121 silly currentTree ├── mkdirp@0.5.1
121 silly currentTree ├── moment@2.17.1
121 silly currentTree ├── mongodb-core@2.1.8
121 silly currentTree ├─┬ mongodb@2.2.24
121 silly currentTree │ └── readable-stream@2.1.5
121 silly currentTree ├─┬ mongoose@4.8.3
121 silly currentTree │ ├── async@2.1.4
121 silly currentTree │ └── ms@0.7.2
121 silly currentTree ├── mpath@0.2.1
121 silly currentTree ├── mpromise@0.5.5
121 silly currentTree ├─┬ mquery@2.2.3
121 silly currentTree │ └── sliced@0.0.5
121 silly currentTree ├── ms@0.7.1
121 silly currentTree ├── muri@1.2.1
121 silly currentTree ├── nan@2.5.0
121 silly currentTree ├── negotiator@0.6.1
121 silly currentTree ├── node-pre-gyp@0.6.32
121 silly currentTree ├── nopt@3.0.6
121 silly currentTree ├── npmlog@4.0.2
121 silly currentTree ├── number-is-nan@1.0.1
121 silly currentTree ├── oauth-sign@0.8.2
121 silly currentTree ├── object-assign@4.1.1
121 silly currentTree ├── on-finished@2.3.0
121 silly currentTree ├── once@1.4.0
121 silly currentTree ├── optimist@0.3.7
121 silly currentTree ├── parseurl@1.3.1
121 silly currentTree ├── path-is-absolute@1.0.1
121 silly currentTree ├── path-to-regexp@0.1.7
121 silly currentTree ├── pinkie-promise@2.0.1
121 silly currentTree ├── pinkie@2.0.4
121 silly currentTree ├── process-nextick-args@1.0.7
121 silly currentTree ├── promise@6.1.0
121 silly currentTree ├── proxy-addr@1.1.3
121 silly currentTree ├── punycode@1.4.1
121 silly currentTree ├── qs@6.2.0
121 silly currentTree ├── range-parser@1.2.0
121 silly currentTree ├── raw-body@2.2.0
121 silly currentTree ├─┬ rc@1.1.7
121 silly currentTree │ └── minimist@1.2.0
121 silly currentTree ├── regexp-clone@0.0.1
121 silly currentTree ├── repeat-string@1.6.1
121 silly currentTree ├─┬ request@2.79.0
121 silly currentTree │ └── qs@6.3.1
121 silly currentTree ├── require_optional@1.0.0
121 silly currentTree ├── resolve-from@2.0.0
121 silly currentTree ├── right-align@0.1.3
121 silly currentTree ├── rimraf@2.5.4
121 silly currentTree ├── semver@5.3.0
121 silly currentTree ├─┬ send@0.14.2
121 silly currentTree │ └── ms@0.7.2
121 silly currentTree ├── serve-static@1.11.2
121 silly currentTree ├── set-blocking@2.0.0
121 silly currentTree ├── setprototypeof@1.0.2
121 silly currentTree ├── signal-exit@3.0.2
121 silly currentTree ├── sliced@1.0.1
121 silly currentTree ├── sntp@1.0.9
121 silly currentTree ├── source-map@0.4.4
121 silly currentTree ├─┬ sshpk@1.10.2
121 silly currentTree │ └── assert-plus@1.0.0
121 silly currentTree ├── statuses@1.3.1
121 silly currentTree ├── string_decoder@0.10.31
121 silly currentTree ├── string-width@1.0.2
121 silly currentTree ├── stringstream@0.0.5
121 silly currentTree ├── strip-ansi@3.0.1
121 silly currentTree ├── strip-json-comments@2.0.1
121 silly currentTree ├── supports-color@2.0.0
121 silly currentTree ├─┬ tar-pack@3.3.0
121 silly currentTree │ └── once@1.3.3
121 silly currentTree ├── tar@2.2.1
121 silly currentTree ├── tough-cookie@2.3.2
121 silly currentTree ├─┬ transformers@2.1.0
121 silly currentTree │ ├── is-promise@1.0.1
121 silly currentTree │ ├── promise@2.0.0
121 silly currentTree │ ├── source-map@0.1.43
121 silly currentTree │ └── uglify-js@2.2.5
121 silly currentTree ├── tunnel-agent@0.4.3
121 silly currentTree ├── tweetnacl@0.14.5
121 silly currentTree ├── type-is@1.6.14
121 silly currentTree ├─┬ uglify-js@2.7.5
121 silly currentTree │ └── source-map@0.5.6
121 silly currentTree ├── uglify-to-browserify@1.0.2
121 silly currentTree ├── uid-number@0.0.6
121 silly currentTree ├── underscore@1.8.3
121 silly currentTree ├── unpipe@1.0.0
121 silly currentTree ├── util-deprecate@1.0.2
121 silly currentTree ├── utils-merge@1.0.0
121 silly currentTree ├── uuid@3.0.1
121 silly currentTree ├── vary@1.1.0
121 silly currentTree ├── verror@1.3.6
121 silly currentTree ├── void-elements@2.0.1
121 silly currentTree ├── wide-align@1.1.0
121 silly currentTree ├── window-size@0.1.0
121 silly currentTree ├─┬ with@4.0.3
121 silly currentTree │ └── acorn@1.2.2
121 silly currentTree ├── wordwrap@0.0.3
121 silly currentTree ├── wrappy@1.0.2
121 silly currentTree ├── xtend@4.0.1
121 silly currentTree └── yargs@3.10.0
122 silly idealTree meet@1.0.0
122 silly idealTree ├── abbrev@1.1.0
122 silly idealTree ├── accepts@1.3.3
122 silly idealTree ├── acorn-globals@1.0.9
122 silly idealTree ├── acorn@2.7.0
122 silly idealTree ├── align-text@0.1.4
122 silly idealTree ├── amdefine@1.0.1
122 silly idealTree ├── ansi-regex@2.1.1
122 silly idealTree ├── ansi-styles@2.2.1
122 silly idealTree ├── aproba@1.1.1
122 silly idealTree ├── are-we-there-yet@1.1.2
122 silly idealTree ├── array-flatten@1.1.1
122 silly idealTree ├── asap@1.0.0
122 silly idealTree ├── asn1@0.2.3
122 silly idealTree ├── assert-plus@0.2.0
122 silly idealTree ├── async@0.2.10
122 silly idealTree ├── asynckit@0.4.0
122 silly idealTree ├── aws-sign2@0.6.0
122 silly idealTree ├── aws4@1.6.0
122 silly idealTree ├── balanced-match@0.4.2
122 silly idealTree ├── bcrypt-pbkdf@1.0.1
122 silly idealTree ├── bcrypt@1.0.2
122 silly idealTree ├── bindings@1.2.1
122 silly idealTree ├── block-stream@0.0.9
122 silly idealTree ├── bluebird@2.10.2
122 silly idealTree ├─┬ body-parser@1.16.1
122 silly idealTree │ ├── debug@2.6.1
122 silly idealTree │ ├── ms@0.7.2
122 silly idealTree │ └── qs@6.2.1
122 silly idealTree ├── boom@2.10.1
122 silly idealTree ├── bower@1.8.0
122 silly idealTree ├── brace-expansion@1.1.6
122 silly idealTree ├── bson@1.0.4
122 silly idealTree ├── buffer-shims@1.0.0
122 silly idealTree ├── bytes@2.4.0
122 silly idealTree ├── camelcase@1.2.1
122 silly idealTree ├── caseless@0.11.0
122 silly idealTree ├── center-align@0.1.3
122 silly idealTree ├── chalk@1.1.3
122 silly idealTree ├── character-parser@1.2.1
122 silly idealTree ├─┬ clean-css@3.4.24
122 silly idealTree │ └── commander@2.8.1
122 silly idealTree ├─┬ cliui@2.1.0
122 silly idealTree │ └── wordwrap@0.0.2
122 silly idealTree ├── code-point-at@1.1.0
122 silly idealTree ├── combined-stream@1.0.5
122 silly idealTree ├── commander@2.6.0
122 silly idealTree ├── concat-map@0.0.1
122 silly idealTree ├── console-control-strings@1.1.0
122 silly idealTree ├── constantinople@3.0.2
122 silly idealTree ├── content-disposition@0.5.2
122 silly idealTree ├── content-type@1.0.2
122 silly idealTree ├── cookie-signature@1.0.6
122 silly idealTree ├── cookie@0.3.1
122 silly idealTree ├── core-util-is@1.0.2
122 silly idealTree ├── cryptiles@2.0.5
122 silly idealTree ├── css-parse@1.0.4
122 silly idealTree ├── css-stringify@1.0.5
122 silly idealTree ├── css@1.0.8
122 silly idealTree ├─┬ dashdash@1.14.1
122 silly idealTree │ └── assert-plus@1.0.0
122 silly idealTree ├── debug@2.2.0
122 silly idealTree ├── decamelize@1.2.0
122 silly idealTree ├── deep-extend@0.4.1
122 silly idealTree ├── delayed-stream@1.0.0
122 silly idealTree ├── delegates@1.0.0
122 silly idealTree ├── depd@1.1.0
122 silly idealTree ├── destroy@1.0.4
122 silly idealTree ├── ecc-jsbn@0.1.1
122 silly idealTree ├── ee-first@1.1.1
122 silly idealTree ├── encodeurl@1.0.1
122 silly idealTree ├── es6-promise@3.2.1
122 silly idealTree ├── escape-html@1.0.3
122 silly idealTree ├── escape-string-regexp@1.0.5
122 silly idealTree ├── etag@1.7.0
122 silly idealTree ├── express@4.14.1
122 silly idealTree ├── extend@3.0.0
122 silly idealTree ├── extsprintf@1.0.2
122 silly idealTree ├── finalhandler@0.5.1
122 silly idealTree ├── forever-agent@0.6.1
122 silly idealTree ├── form-data@2.1.2
122 silly idealTree ├── forwarded@0.1.0
122 silly idealTree ├── fresh@0.3.0
122 silly idealTree ├── fs.realpath@1.0.0
122 silly idealTree ├── fstream-ignore@1.0.5
122 silly idealTree ├── fstream@1.0.10
122 silly idealTree ├── gauge@2.7.3
122 silly idealTree ├── generate-function@2.0.0
122 silly idealTree ├── generate-object-property@1.2.0
122 silly idealTree ├─┬ getpass@0.1.6
122 silly idealTree │ └── assert-plus@1.0.0
122 silly idealTree ├── glob@7.1.1
122 silly idealTree ├── graceful-fs@4.1.11
122 silly idealTree ├── graceful-readlink@1.0.1
122 silly idealTree ├─┬ har-validator@2.0.6
122 silly idealTree │ └── commander@2.9.0
122 silly idealTree ├── has-ansi@2.0.0
122 silly idealTree ├── has-unicode@2.0.1
122 silly idealTree ├── hawk@3.1.3
122 silly idealTree ├── hoek@2.16.3
122 silly idealTree ├── hooks-fixed@1.2.0
122 silly idealTree ├── http-errors@1.5.1
122 silly idealTree ├── http-signature@1.1.1
122 silly idealTree ├── iconv-lite@0.4.15
122 silly idealTree ├── inflight@1.0.6
122 silly idealTree ├── inherits@2.0.3
122 silly idealTree ├── ini@1.3.4
122 silly idealTree ├── ipaddr.js@1.2.0
122 silly idealTree ├── is-buffer@1.1.4
122 silly idealTree ├── is-fullwidth-code-point@1.0.0
122 silly idealTree ├── is-my-json-valid@2.15.0
122 silly idealTree ├── is-promise@2.1.0
122 silly idealTree ├── is-property@1.0.2
122 silly idealTree ├── is-typedarray@1.0.0
122 silly idealTree ├── isarray@1.0.0
122 silly idealTree ├── isstream@0.1.2
122 silly idealTree ├── jade@1.11.0
122 silly idealTree ├── jodid25519@1.0.2
122 silly idealTree ├── jsbn@0.1.1
122 silly idealTree ├── json-schema@0.2.3
122 silly idealTree ├── json-stringify-safe@5.0.1
122 silly idealTree ├── jsonpointer@4.0.1
122 silly idealTree ├── jsprim@1.3.1
122 silly idealTree ├── jstransformer@0.0.2
122 silly idealTree ├── kareem@1.2.1
122 silly idealTree ├── kind-of@3.1.0
122 silly idealTree ├── lazy-cache@1.0.4
122 silly idealTree ├── lodash@4.17.4
122 silly idealTree ├── longest@1.0.1
122 silly idealTree ├── media-typer@0.3.0
122 silly idealTree ├── merge-descriptors@1.0.1
122 silly idealTree ├── methods@1.1.2
122 silly idealTree ├── mime-db@1.26.0
122 silly idealTree ├── mime-types@2.1.14
122 silly idealTree ├── mime@1.3.4
122 silly idealTree ├── minimatch@3.0.3
122 silly idealTree ├── minimist@0.0.8
122 silly idealTree ├── mkdirp@0.5.1
122 silly idealTree ├── moment@2.17.1
122 silly idealTree ├── mongodb-core@2.1.8
122 silly idealTree ├─┬ mongodb@2.2.24
122 silly idealTree │ └── readable-stream@2.1.5
122 silly idealTree ├─┬ mongoose@4.8.3
122 silly idealTree │ ├── async@2.1.4
122 silly idealTree │ └── ms@0.7.2
122 silly idealTree ├── mpath@0.2.1
122 silly idealTree ├── mpromise@0.5.5
122 silly idealTree ├─┬ mquery@2.2.3
122 silly idealTree │ └── sliced@0.0.5
122 silly idealTree ├── ms@0.7.1
122 silly idealTree ├── muri@1.2.1
122 silly idealTree ├── nan@2.5.0
122 silly idealTree ├── negotiator@0.6.1
122 silly idealTree ├── node-pre-gyp@0.6.32
122 silly idealTree ├── nopt@3.0.6
122 silly idealTree ├── npmlog@4.0.2
122 silly idealTree ├── number-is-nan@1.0.1
122 silly idealTree ├── oauth-sign@0.8.2
122 silly idealTree ├── object-assign@4.1.1
122 silly idealTree ├── on-finished@2.3.0
122 silly idealTree ├── once@1.4.0
122 silly idealTree ├── optimist@0.3.7
122 silly idealTree ├── parseurl@1.3.1
122 silly idealTree ├── path-is-absolute@1.0.1
122 silly idealTree ├── path-to-regexp@0.1.7
122 silly idealTree ├── pinkie-promise@2.0.1
122 silly idealTree ├── pinkie@2.0.4
122 silly idealTree ├── process-nextick-args@1.0.7
122 silly idealTree ├── promise@6.1.0
122 silly idealTree ├── proxy-addr@1.1.3
122 silly idealTree ├── punycode@1.4.1
122 silly idealTree ├── qs@6.2.0
122 silly idealTree ├── range-parser@1.2.0
122 silly idealTree ├── raw-body@2.2.0
122 silly idealTree ├─┬ rc@1.1.7
122 silly idealTree │ └── minimist@1.2.0
122 silly idealTree ├── readable-stream@2.2.2
122 silly idealTree ├── regexp-clone@0.0.1
122 silly idealTree ├── repeat-string@1.6.1
122 silly idealTree ├─┬ request@2.79.0
122 silly idealTree │ └── qs@6.3.1
122 silly idealTree ├── require_optional@1.0.0
122 silly idealTree ├── resolve-from@2.0.0
122 silly idealTree ├── right-align@0.1.3
122 silly idealTree ├── rimraf@2.5.4
122 silly idealTree ├── semver@5.3.0
122 silly idealTree ├─┬ send@0.14.2
122 silly idealTree │ └── ms@0.7.2
122 silly idealTree ├── serve-static@1.11.2
122 silly idealTree ├── set-blocking@2.0.0
122 silly idealTree ├── setprototypeof@1.0.2
122 silly idealTree ├── signal-exit@3.0.2
122 silly idealTree ├── sliced@1.0.1
122 silly idealTree ├── sntp@1.0.9
122 silly idealTree ├── source-map@0.4.4
122 silly idealTree ├─┬ sshpk@1.10.2
122 silly idealTree │ └── assert-plus@1.0.0
122 silly idealTree ├── statuses@1.3.1
122 silly idealTree ├── string_decoder@0.10.31
122 silly idealTree ├── string-width@1.0.2
122 silly idealTree ├── stringstream@0.0.5
122 silly idealTree ├── strip-ansi@3.0.1
122 silly idealTree ├── strip-json-comments@2.0.1
122 silly idealTree ├── supports-color@2.0.0
122 silly idealTree ├─┬ tar-pack@3.3.0
122 silly idealTree │ ├── once@1.3.3
122 silly idealTree │ └── readable-stream@2.1.5
122 silly idealTree ├── tar@2.2.1
122 silly idealTree ├── tough-cookie@2.3.2
122 silly idealTree ├─┬ transformers@2.1.0
122 silly idealTree │ ├── is-promise@1.0.1
122 silly idealTree │ ├── promise@2.0.0
122 silly idealTree │ ├── source-map@0.1.43
122 silly idealTree │ └── uglify-js@2.2.5
122 silly idealTree ├── tunnel-agent@0.4.3
122 silly idealTree ├── tweetnacl@0.14.5
122 silly idealTree ├── type-is@1.6.14
122 silly idealTree ├─┬ uglify-js@2.7.5
122 silly idealTree │ └── source-map@0.5.6
122 silly idealTree ├── uglify-to-browserify@1.0.2
122 silly idealTree ├── uid-number@0.0.6
122 silly idealTree ├── underscore@1.8.3
122 silly idealTree ├── unpipe@1.0.0
122 silly idealTree ├── util-deprecate@1.0.2
122 silly idealTree ├── utils-merge@1.0.0
122 silly idealTree ├── uuid@3.0.1
122 silly idealTree ├── vary@1.1.0
122 silly idealTree ├── verror@1.3.6
122 silly idealTree ├── void-elements@2.0.1
122 silly idealTree ├── wide-align@1.1.0
122 silly idealTree ├── window-size@0.1.0
122 silly idealTree ├─┬ with@4.0.3
122 silly idealTree │ └── acorn@1.2.2
122 silly idealTree ├── wordwrap@0.0.3
122 silly idealTree ├── wrappy@1.0.2
122 silly idealTree ├── xtend@4.0.1
122 silly idealTree └── yargs@3.10.0
123 silly generateActionsToTake Starting
124 silly install generateActionsToTake
125 silly generateActionsToTake Finishing
126 silly diffTrees action count 3
127 silly diffTrees add bcrypt@1.0.2
128 silly diffTrees add readable-stream@2.2.2
129 silly diffTrees add readable-stream@2.1.5
130 silly decomposeActions action count 24
131 silly decomposeActions fetch bcrypt@1.0.2
132 silly decomposeActions extract bcrypt@1.0.2
133 silly decomposeActions preinstall bcrypt@1.0.2
134 silly decomposeActions build bcrypt@1.0.2
135 silly decomposeActions install bcrypt@1.0.2
136 silly decomposeActions postinstall bcrypt@1.0.2
137 silly decomposeActions test bcrypt@1.0.2
138 silly decomposeActions finalize bcrypt@1.0.2
139 silly decomposeActions fetch readable-stream@2.2.2
140 silly decomposeActions extract readable-stream@2.2.2
141 silly decomposeActions preinstall readable-stream@2.2.2
142 silly decomposeActions build readable-stream@2.2.2
143 silly decomposeActions install readable-stream@2.2.2
144 silly decomposeActions postinstall readable-stream@2.2.2
145 silly decomposeActions test readable-stream@2.2.2
146 silly decomposeActions finalize readable-stream@2.2.2
147 silly decomposeActions fetch readable-stream@2.1.5
148 silly decomposeActions extract readable-stream@2.1.5
149 silly decomposeActions preinstall readable-stream@2.1.5
150 silly decomposeActions build readable-stream@2.1.5
151 silly decomposeActions install readable-stream@2.1.5
152 silly decomposeActions postinstall readable-stream@2.1.5
153 silly decomposeActions test readable-stream@2.1.5
154 silly decomposeActions finalize readable-stream@2.1.5
155 silly executeActions Starting
156 silly install executeActions
157 silly doSerial global-install 0
158 silly doParallel fetch 3
159 verbose lock using E:\node.js\node_cache\_locks\staging-3bae3838e0270ca8.lock for F:\project\meet\node_modules\.staging
160 silly doParallel extract 3
161 silly extract bcrypt@1.0.2
162 silly extract readable-stream@2.2.2
163 silly extract readable-stream@2.1.5
164 verbose unbuild node_modules\.staging\bcrypt-15c85ec519fb14f2ce43bb80addee3fc
165 verbose unbuild node_modules\.staging\readable-stream-96428eef4469c6dd8579aa9048ad3b07
166 verbose unbuild node_modules\.staging\readable-stream-cbbebd34c0e08d1a4ec389a91e33bee7
167 silly gentlyRm F:\project\meet\node_modules\.staging\bcrypt-15c85ec519fb14f2ce43bb80addee3fc is being purged from base F:\project\meet
168 silly gentlyRm F:\project\meet\node_modules\.staging\readable-stream-96428eef4469c6dd8579aa9048ad3b07 is being purged from base F:\project\meet
169 verbose gentlyRm don't care about contents; nuking F:\project\meet\node_modules\.staging\bcrypt-15c85ec519fb14f2ce43bb80addee3fc
170 verbose gentlyRm don't care about contents; nuking F:\project\meet\node_modules\.staging\readable-stream-96428eef4469c6dd8579aa9048ad3b07
171 silly gentlyRm F:\project\meet\node_modules\.staging\readable-stream-cbbebd34c0e08d1a4ec389a91e33bee7 is being purged from base F:\project\meet
172 verbose tar unpack E:\node.js\node_cache\bcrypt\1.0.2\package.tgz
173 verbose tar unpacking to F:\project\meet\node_modules\.staging\bcrypt-15c85ec519fb14f2ce43bb80addee3fc
174 silly gentlyRm F:\project\meet\node_modules\.staging\bcrypt-15c85ec519fb14f2ce43bb80addee3fc is being purged
175 verbose tar unpack E:\node.js\node_cache\readable-stream\2.2.2\package.tgz
176 verbose tar unpacking to F:\project\meet\node_modules\.staging\readable-stream-96428eef4469c6dd8579aa9048ad3b07
177 silly gentlyRm F:\project\meet\node_modules\.staging\readable-stream-96428eef4469c6dd8579aa9048ad3b07 is being purged
178 verbose gentlyRm don't care about contents; nuking F:\project\meet\node_modules\.staging\readable-stream-cbbebd34c0e08d1a4ec389a91e33bee7
179 verbose gentlyRm don't care about contents; nuking F:\project\meet\node_modules\.staging\bcrypt-15c85ec519fb14f2ce43bb80addee3fc
180 verbose gentlyRm don't care about contents; nuking F:\project\meet\node_modules\.staging\readable-stream-96428eef4469c6dd8579aa9048ad3b07
181 verbose tar unpack E:\node.js\node_cache\readable-stream\2.1.5\package.tgz
182 verbose tar unpacking to F:\project\meet\node_modules\.staging\readable-stream-cbbebd34c0e08d1a4ec389a91e33bee7
183 silly gentlyRm F:\project\meet\node_modules\.staging\readable-stream-cbbebd34c0e08d1a4ec389a91e33bee7 is being purged
184 silly gunzTarPerm modes [ '777', '666' ]
185 silly gunzTarPerm modes [ '777', '666' ]
186 verbose gentlyRm don't care about contents; nuking F:\project\meet\node_modules\.staging\readable-stream-cbbebd34c0e08d1a4ec389a91e33bee7
187 silly gunzTarPerm modes [ '777', '666' ]
188 silly gunzTarPerm extractEntry package.json
189 silly gunzTarPerm modified mode [ 'package.json', 420, 438 ]
190 silly gunzTarPerm extractEntry package.json
191 silly gunzTarPerm modified mode [ 'package.json', 420, 438 ]
192 silly gunzTarPerm extractEntry package.json
193 silly gunzTarPerm modified mode [ 'package.json', 420, 438 ]
194 silly gunzTarPerm extractEntry .npmignore
195 silly gunzTarPerm modified mode [ '.npmignore', 420, 438 ]
196 silly gunzTarPerm extractEntry README.md
197 silly gunzTarPerm modified mode [ 'README.md', 420, 438 ]
198 silly gunzTarPerm extractEntry .npmignore
199 silly gunzTarPerm modified mode [ '.npmignore', 420, 438 ]
200 silly gunzTarPerm extractEntry README.md
201 silly gunzTarPerm modified mode [ 'README.md', 420, 438 ]
202 silly gunzTarPerm extractEntry .npmignore
203 silly gunzTarPerm modified mode [ '.npmignore', 420, 438 ]
204 silly gunzTarPerm extractEntry README.md
205 silly gunzTarPerm modified mode [ 'README.md', 420, 438 ]
206 silly gunzTarPerm extractEntry LICENSE
207 silly gunzTarPerm modified mode [ 'LICENSE', 420, 438 ]
208 silly gunzTarPerm extractEntry LICENSE
209 silly gunzTarPerm modified mode [ 'LICENSE', 420, 438 ]
210 silly gunzTarPerm extractEntry writable.js
211 silly gunzTarPerm modified mode [ 'writable.js', 420, 438 ]
212 silly gunzTarPerm extractEntry LICENSE
213 silly gunzTarPerm modified mode [ 'LICENSE', 420, 438 ]
214 silly gunzTarPerm extractEntry writable.js
215 silly gunzTarPerm modified mode [ 'writable.js', 420, 438 ]
216 silly gunzTarPerm extractEntry bcrypt.js
217 silly gunzTarPerm modified mode [ 'bcrypt.js', 420, 438 ]
218 silly gunzTarPerm extractEntry Makefile
219 silly gunzTarPerm modified mode [ 'Makefile', 420, 438 ]
220 silly gunzTarPerm extractEntry transform.js
221 silly gunzTarPerm modified mode [ 'transform.js', 420, 438 ]
222 silly gunzTarPerm extractEntry readable.js
223 silly gunzTarPerm modified mode [ 'readable.js', 420, 438 ]
224 silly gunzTarPerm extractEntry duplex.js
225 silly gunzTarPerm modified mode [ 'duplex.js', 420, 438 ]
226 silly gunzTarPerm extractEntry transform.js
227 silly gunzTarPerm modified mode [ 'transform.js', 420, 438 ]
228 silly gunzTarPerm extractEntry passthrough.js
229 silly gunzTarPerm modified mode [ 'passthrough.js', 420, 438 ]
230 silly gunzTarPerm extractEntry duplex.js
231 silly gunzTarPerm modified mode [ 'duplex.js', 420, 438 ]
232 silly gunzTarPerm extractEntry .travis.yml
233 silly gunzTarPerm modified mode [ '.travis.yml', 420, 438 ]
234 silly gunzTarPerm extractEntry appveyor.yml
235 silly gunzTarPerm modified mode [ 'appveyor.yml', 420, 438 ]
236 silly gunzTarPerm extractEntry passthrough.js
237 silly gunzTarPerm modified mode [ 'passthrough.js', 420, 438 ]
238 silly gunzTarPerm extractEntry readable.js
239 silly gunzTarPerm modified mode [ 'readable.js', 420, 438 ]
240 silly gunzTarPerm extractEntry CHANGELOG.md
241 silly gunzTarPerm modified mode [ 'CHANGELOG.md', 420, 438 ]
242 silly gunzTarPerm extractEntry binding.gyp
243 silly gunzTarPerm modified mode [ 'binding.gyp', 420, 438 ]
244 silly gunzTarPerm extractEntry doc/stream.md
245 silly gunzTarPerm modified mode [ 'doc/stream.md', 420, 438 ]
246 silly gunzTarPerm extractEntry doc/wg-meetings/2015-01-30.md
247 silly gunzTarPerm modified mode [ 'doc/wg-meetings/2015-01-30.md', 420, 438 ]
248 silly gunzTarPerm extractEntry lib/_stream_duplex.js
249 silly gunzTarPerm modified mode [ 'lib/_stream_duplex.js', 420, 438 ]
250 silly gunzTarPerm extractEntry lib/_stream_passthrough.js
251 silly gunzTarPerm modified mode [ 'lib/_stream_passthrough.js', 420, 438 ]
252 silly gunzTarPerm extractEntry lib/_stream_readable.js
253 silly gunzTarPerm modified mode [ 'lib/_stream_readable.js', 420, 438 ]
254 silly gunzTarPerm extractEntry lib/_stream_transform.js
255 silly gunzTarPerm modified mode [ 'lib/_stream_transform.js', 420, 438 ]
256 silly gunzTarPerm extractEntry lib/_stream_writable.js
257 silly gunzTarPerm modified mode [ 'lib/_stream_writable.js', 420, 438 ]
258 silly gunzTarPerm extractEntry lib/internal/streams/BufferList.js
259 silly gunzTarPerm modified mode [ 'lib/internal/streams/BufferList.js', 420, 438 ]
260 silly gunzTarPerm extractEntry .travis.yml
261 silly gunzTarPerm modified mode [ '.travis.yml', 420, 438 ]
262 silly gunzTarPerm extractEntry .travis.yml
263 silly gunzTarPerm modified mode [ '.travis.yml', 420, 438 ]
264 silly gunzTarPerm extractEntry lib/_stream_duplex.js
265 silly gunzTarPerm modified mode [ 'lib/_stream_duplex.js', 420, 438 ]
266 silly gunzTarPerm extractEntry lib/_stream_passthrough.js
267 silly gunzTarPerm modified mode [ 'lib/_stream_passthrough.js', 420, 438 ]
268 silly gunzTarPerm extractEntry examples/async_compare.js
269 silly gunzTarPerm modified mode [ 'examples/async_compare.js', 420, 438 ]
270 silly gunzTarPerm extractEntry examples/forever_gen_salt.js
271 silly gunzTarPerm modified mode [ 'examples/forever_gen_salt.js', 420, 438 ]
272 silly gunzTarPerm extractEntry lib/_stream_readable.js
273 silly gunzTarPerm modified mode [ 'lib/_stream_readable.js', 420, 438 ]
274 silly gunzTarPerm extractEntry lib/_stream_transform.js
275 silly gunzTarPerm modified mode [ 'lib/_stream_transform.js', 420, 438 ]
276 silly gunzTarPerm extractEntry lib/promises.js
277 silly gunzTarPerm modified mode [ 'lib/promises.js', 420, 438 ]
278 silly gunzTarPerm extractEntry test/async.js
279 silly gunzTarPerm modified mode [ 'test/async.js', 420, 438 ]
280 silly gunzTarPerm extractEntry lib/_stream_writable.js
281 silly gunzTarPerm modified mode [ 'lib/_stream_writable.js', 420, 438 ]
282 silly gunzTarPerm extractEntry lib/internal/streams/BufferList.js
283 silly gunzTarPerm modified mode [ 'lib/internal/streams/BufferList.js', 420, 438 ]
284 silly gunzTarPerm extractEntry test/promise.js
285 silly gunzTarPerm modified mode [ 'test/promise.js', 420, 438 ]
286 silly gunzTarPerm extractEntry test/repetitions.js
287 silly gunzTarPerm modified mode [ 'test/repetitions.js', 420, 438 ]
288 silly gunzTarPerm extractEntry doc/wg-meetings/2015-01-30.md
289 silly gunzTarPerm modified mode [ 'doc/wg-meetings/2015-01-30.md', 420, 438 ]
290 silly gunzTarPerm extractEntry test/sync.js
291 silly gunzTarPerm modified mode [ 'test/sync.js', 420, 438 ]
292 silly gunzTarPerm extractEntry ISSUE_TEMPLATE.md
293 silly gunzTarPerm modified mode [ 'ISSUE_TEMPLATE.md', 420, 438 ]
294 silly gunzTarPerm extractEntry src/bcrypt.cc
295 silly gunzTarPerm modified mode [ 'src/bcrypt.cc', 420, 438 ]
296 silly gunzTarPerm extractEntry src/bcrypt_node.cc
297 silly gunzTarPerm modified mode [ 'src/bcrypt_node.cc', 420, 438 ]
298 silly gunzTarPerm extractEntry src/blowfish.cc
299 silly gunzTarPerm modified mode [ 'src/blowfish.cc', 420, 438 ]
300 silly gunzTarPerm extractEntry src/node_blf.h
301 silly gunzTarPerm modified mode [ 'src/node_blf.h', 420, 438 ]
302 silly gunzTarPerm extractEntry werker.yml
303 silly gunzTarPerm modified mode [ 'werker.yml', 420, 438 ]
304 silly doParallel preinstall 3
305 silly preinstall bcrypt@1.0.2 F:\project\meet\node_modules\.staging\bcrypt-15c85ec519fb14f2ce43bb80addee3fc
306 info lifecycle bcrypt@1.0.2~preinstall: bcrypt@1.0.2
307 silly preinstall readable-stream@2.2.2 F:\project\meet\node_modules\.staging\readable-stream-96428eef4469c6dd8579aa9048ad3b07
308 info lifecycle readable-stream@2.2.2~preinstall: readable-stream@2.2.2
309 silly preinstall readable-stream@2.1.5 F:\project\meet\node_modules\.staging\readable-stream-cbbebd34c0e08d1a4ec389a91e33bee7
310 info lifecycle readable-stream@2.1.5~preinstall: readable-stream@2.1.5
311 silly lifecycle bcrypt@1.0.2~preinstall: no script for preinstall, continuing
312 silly lifecycle readable-stream@2.2.2~preinstall: no script for preinstall, continuing
313 silly lifecycle readable-stream@2.1.5~preinstall: no script for preinstall, continuing
314 silly doReverseSerial remove 0
315 silly doSerial move 0
316 silly doSerial finalize 3
317 silly finalize F:\project\meet\node_modules\bcrypt
318 silly finalize F:\project\meet\node_modules\readable-stream
319 silly finalize F:\project\meet\node_modules\tar-pack\node_modules\readable-stream
320 silly doSerial build 3
321 silly build bcrypt@1.0.2
322 info linkStuff bcrypt@1.0.2
323 silly linkStuff bcrypt@1.0.2 has F:\project\meet\node_modules as its parent node_modules
324 verbose linkBins bcrypt@1.0.2
325 verbose linkMans bcrypt@1.0.2
326 silly build readable-stream@2.2.2
327 info linkStuff readable-stream@2.2.2
328 silly linkStuff readable-stream@2.2.2 has F:\project\meet\node_modules as its parent node_modules
329 verbose linkBins readable-stream@2.2.2
330 verbose linkMans readable-stream@2.2.2
331 silly build readable-stream@2.1.5
332 info linkStuff readable-stream@2.1.5
333 silly linkStuff readable-stream@2.1.5 has F:\project\meet\node_modules\tar-pack\node_modules as its parent node_modules
334 verbose linkBins readable-stream@2.1.5
335 verbose linkMans readable-stream@2.1.5
336 silly doSerial global-link 0
337 silly doParallel update-linked 0
338 silly doSerial install 3
339 silly install bcrypt@1.0.2 F:\project\meet\node_modules\.staging\bcrypt-15c85ec519fb14f2ce43bb80addee3fc
340 info lifecycle bcrypt@1.0.2~install: bcrypt@1.0.2
341 verbose lifecycle bcrypt@1.0.2~install: unsafe-perm in lifecycle true
342 verbose lifecycle bcrypt@1.0.2~install: PATH: E:\node.js\node_modules\npm\bin\node-gyp-bin;F:\project\meet\node_modules\bcrypt\node_modules\.bin;F:\project\meet\node_modules\.bin;C:\WINDOWS\system32;C:\WINDOWS;C:\WINDOWS\System32\Wbem;C:\Program Files\Java\jdk1.8.0_20\bin;C:\WINDOWS\System32\WindowsPowerShell\v1.0\;E:\node.js;E:\git\Git\bin;E:\git\Git\usr\bin;E:\ruby\Ruby22\bin;C:\Users\Administrator.2OEPNQY9GIAPI0E\AppData\Roaming\npm\node_modules\browser-sync\bin;E:\node.js\node_global;E:\node.js\node_cache;F:\mongodb\bin;E:\python;C:\Users\Administrator.2OEPNQY9GIAPI0E\AppData\Roaming\npm;%USERPROFILE%\AppData\Local\Microsoft\WindowsApps;
343 verbose lifecycle bcrypt@1.0.2~install: CWD: F:\project\meet\node_modules\bcrypt
344 silly lifecycle bcrypt@1.0.2~install: Args: [ '/d /s /c', 'node-pre-gyp install --fallback-to-build' ]
345 silly lifecycle bcrypt@1.0.2~install: Returned: code: 1  signal: null
346 info lifecycle bcrypt@1.0.2~install: Failed to exec install script
347 verbose unlock done using E:\node.js\node_cache\_locks\staging-3bae3838e0270ca8.lock for F:\project\meet\node_modules\.staging
348 silly rollbackFailedOptional Starting
349 silly rollbackFailedOptional Finishing
350 silly runTopLevelLifecycles Starting
351 silly runTopLevelLifecycles Finishing
352 silly install printInstalled
353 verbose stack Error: bcrypt@1.0.2 install: `node-pre-gyp install --fallback-to-build`
353 verbose stack Exit status 1
353 verbose stack     at EventEmitter.<anonymous> (E:\node.js\node_modules\npm\lib\utils\lifecycle.js:232:16)
353 verbose stack     at emitTwo (events.js:100:13)
353 verbose stack     at EventEmitter.emit (events.js:185:7)
353 verbose stack     at ChildProcess.<anonymous> (E:\node.js\node_modules\npm\lib\utils\spawn.js:24:14)
353 verbose stack     at emitTwo (events.js:100:13)
353 verbose stack     at ChildProcess.emit (events.js:185:7)
353 verbose stack     at maybeClose (internal/child_process.js:821:16)
353 verbose stack     at Process.ChildProcess._handle.onexit (internal/child_process.js:211:5)
354 verbose pkgid bcrypt@1.0.2
355 verbose cwd F:\project\meet
356 error Windows_NT 10.0.14393
357 error argv "E:\\node.js\\node.exe" "E:\\node.js\\node_modules\\npm\\bin\\npm-cli.js" "install" "bcrypt" "--save-dev"
358 error node v5.5.0
359 error npm  v3.3.12
360 error code ELIFECYCLE
361 error bcrypt@1.0.2 install: `node-pre-gyp install --fallback-to-build`
361 error Exit status 1
362 error Failed at the bcrypt@1.0.2 install script 'node-pre-gyp install --fallback-to-build'.
362 error Make sure you have the latest version of node.js and npm installed.
362 error If you do, this is most likely a problem with the bcrypt package,
362 error not with npm itself.
362 error Tell the author that this fails on your system:
362 error     node-pre-gyp install --fallback-to-build
362 error You can get their info via:
362 error     npm owner ls bcrypt
362 error There is likely additional logging output above.
363 verbose exit [ 1, true ]
